<?xml version="1.0" encoding="UTF-8"?>
<testng-results skipped="0" failed="0" total="1" passed="1">
  <reporter-output>
  </reporter-output>
  <suite name="Suite" duration-ms="22893" started-at="2019-03-04T10:26:57Z" finished-at="2019-03-04T10:27:20Z">
    <groups>
    </groups>
    <test name="Test" duration-ms="22893" started-at="2019-03-04T10:26:57Z" finished-at="2019-03-04T10:27:20Z">
      <class name="com.pramati.selenium.tests.Tests">
        <test-method status="PASS" signature="testCase1()[pri:0, instance:com.pramati.selenium.tests.Tests@24273305]" name="testCase1" duration-ms="22876" started-at="2019-03-04T15:56:57Z" finished-at="2019-03-04T15:57:20Z">
          <reporter-output>
          </reporter-output>
        </test-method> <!-- testCase1 -->
      </class> <!-- com.pramati.selenium.tests.Tests -->
    </test> <!-- Test -->
  </suite> <!-- Suite -->
</testng-results>
